Copyright 1986-2022 Xilinx, Inc. All Rights Reserved. Copyright 2022-2025 Advanced Micro Devices, Inc. All Rights Reserved.
---------------------------------------------------------------------------------------------------------------------------------------------
| Tool Version : Vivado v.2025.2 (win64) Build 6299465 Fri Nov 14 19:35:11 GMT 2025
| Date         : Mon Mar  2 18:03:13 2026
| Host         : XYLT-113 running 64-bit major release  (build 9200)
| Command      : report_control_sets -verbose -file sawtooth_oscillator_top_control_sets_placed.rpt
| Design       : sawtooth_oscillator_top
| Device       : xc7a100t
---------------------------------------------------------------------------------------------------------------------------------------------

Control Set Information

Table of Contents
-----------------
1. Summary
2. Histogram
3. Flip-Flop Distribution
4. Detailed Control Set Information

1. Summary
----------

+----------------------------------------------------------+-------+
|                          Status                          | Count |
+----------------------------------------------------------+-------+
| Total control sets                                       |     5 |
|    Minimum number of control sets                        |     5 |
|    Addition due to synthesis replication                 |     0 |
|    Addition due to physical synthesis replication        |     0 |
| Unused register locations in slices containing registers |    23 |
+----------------------------------------------------------+-------+
* Control sets can be merged at opt_design using control_set_merge or merge_equivalent_drivers
** Run report_qor_suggestions for automated merging and remapping suggestions


2. Histogram
------------

+--------------------+-------+
|       Fanout       | Count |
+--------------------+-------+
| Total control sets |     5 |
| >= 0 to < 4        |     2 |
| >= 4 to < 6        |     0 |
| >= 6 to < 8        |     0 |
| >= 8 to < 10       |     0 |
| >= 10 to < 12      |     0 |
| >= 12 to < 14      |     0 |
| >= 14 to < 16      |     0 |
| >= 16              |     3 |
+--------------------+-------+
* Control sets can be remapped at either synth_design or opt_design


3. Flip-Flop Distribution
-------------------------

+--------------+-----------------------+------------------------+-----------------+--------------+
| Clock Enable | Synchronous Set/Reset | Asynchronous Set/Reset | Total Registers | Total Slices |
+--------------+-----------------------+------------------------+-----------------+--------------+
| No           | No                    | No                     |               0 |            0 |
| No           | No                    | Yes                    |              59 |           17 |
| No           | Yes                   | No                     |               0 |            0 |
| Yes          | No                    | No                     |               0 |            0 |
| Yes          | No                    | Yes                    |              46 |           10 |
| Yes          | Yes                   | No                     |               0 |            0 |
+--------------+-----------------------+------------------------+-----------------+--------------+


4. Detailed Control Set Information
-----------------------------------

+-------------------------+------------------------+----------------------+------------------+----------------+--------------+
|       Clock Signal      |      Enable Signal     |   Set/Reset Signal   | Slice Load Count | Bel Load Count | Bels / Slice |
+-------------------------+------------------------+----------------------+------------------+----------------+--------------+
|  i2s_clocks/CLK         | i2s_clocks/lrclk_reg_0 | sawtooth_osc/reset_n |                1 |              1 |         1.00 |
|  mclk_gen/i2s_mclk_OBUF |                        | sawtooth_osc/reset_n |                1 |              2 |         2.00 |
|  i2s_clocks/CLK         |                        | sawtooth_osc/reset_n |                7 |             23 |         3.29 |
|  clk_100mhz_IBUF_BUFG   |                        | sawtooth_osc/reset_n |                9 |             34 |         3.78 |
|  clk_100mhz_IBUF_BUFG   | i2s_clocks/E[0]        | sawtooth_osc/reset_n |                9 |             45 |         5.00 |
+-------------------------+------------------------+----------------------+------------------+----------------+--------------+


